{"/Users/andrewsales/VSCode/NodePGExercise/app.js": {"path":"/Users/andrewsales/VSCode/NodePGExercise/app.js","statementMap":{"0":{"start":{"line":2,"column":16},"end":{"line":2,"column":34}},"1":{"start":{"line":3,"column":12},"end":{"line":3,"column":21}},"2":{"start":{"line":4,"column":21},"end":{"line":4,"column":46}},"3":{"start":{"line":5,"column":22},"end":{"line":5,"column":50}},"4":{"start":{"line":6,"column":22},"end":{"line":6,"column":51}},"5":{"start":{"line":8,"column":0},"end":{"line":8,"column":24}},"6":{"start":{"line":9,"column":0},"end":{"line":9,"column":36}},"7":{"start":{"line":10,"column":0},"end":{"line":10,"column":37}},"8":{"start":{"line":14,"column":0},"end":{"line":17,"column":3}},"9":{"start":{"line":15,"column":14},"end":{"line":15,"column":48}},"10":{"start":{"line":16,"column":2},"end":{"line":16,"column":12}},"11":{"start":{"line":21,"column":0},"end":{"line":28,"column":3}},"12":{"start":{"line":22,"column":2},"end":{"line":22,"column":32}},"13":{"start":{"line":24,"column":2},"end":{"line":27,"column":5}},"14":{"start":{"line":34,"column":0},"end":{"line":34,"column":21}}},"fnMap":{"0":{"name":"(anonymous_0)","decl":{"start":{"line":14,"column":8},"end":{"line":14,"column":9}},"loc":{"start":{"line":14,"column":34},"end":{"line":17,"column":1}},"line":14},"1":{"name":"(anonymous_1)","decl":{"start":{"line":21,"column":8},"end":{"line":21,"column":9}},"loc":{"start":{"line":21,"column":33},"end":{"line":28,"column":1}},"line":21}},"branchMap":{"0":{"loc":{"start":{"line":22,"column":13},"end":{"line":22,"column":30}},"type":"binary-expr","locations":[{"start":{"line":22,"column":13},"end":{"line":22,"column":23}},{"start":{"line":22,"column":27},"end":{"line":22,"column":30}}],"line":22}},"s":{"0":1,"1":1,"2":1,"3":1,"4":1,"5":1,"6":1,"7":1,"8":1,"9":0,"10":0,"11":1,"12":0,"13":0,"14":1},"f":{"0":0,"1":0},"b":{"0":[0,0]},"_coverageSchema":"1a1c01bbd47fc00a2c39e90264f33305004495a9","hash":"e180606b92eb4dfc682253df61c5f281a9f3e6ca"}
,"/Users/andrewsales/VSCode/NodePGExercise/db.js": {"path":"/Users/andrewsales/VSCode/NodePGExercise/db.js","statementMap":{"0":{"start":{"line":3,"column":19},"end":{"line":3,"column":32}},"1":{"start":{"line":4,"column":15},"end":{"line":6,"column":2}},"2":{"start":{"line":8,"column":0},"end":{"line":8,"column":17}},"3":{"start":{"line":10,"column":0},"end":{"line":10,"column":24}}},"fnMap":{},"branchMap":{},"s":{"0":1,"1":1,"2":1,"3":1},"f":{},"b":{},"_coverageSchema":"1a1c01bbd47fc00a2c39e90264f33305004495a9","hash":"00f259a7c530958a425f97914c81f32631f7a295"}
,"/Users/andrewsales/VSCode/NodePGExercise/expressError.js": {"path":"/Users/andrewsales/VSCode/NodePGExercise/expressError.js","statementMap":{"0":{"start":{"line":9,"column":4},"end":{"line":9,"column":12}},"1":{"start":{"line":10,"column":4},"end":{"line":10,"column":27}},"2":{"start":{"line":11,"column":4},"end":{"line":11,"column":25}},"3":{"start":{"line":12,"column":4},"end":{"line":12,"column":30}},"4":{"start":{"line":17,"column":0},"end":{"line":17,"column":30}}},"fnMap":{"0":{"name":"(anonymous_0)","decl":{"start":{"line":8,"column":2},"end":{"line":8,"column":3}},"loc":{"start":{"line":8,"column":31},"end":{"line":13,"column":3}},"line":8}},"branchMap":{},"s":{"0":0,"1":0,"2":0,"3":0,"4":1},"f":{"0":0},"b":{},"_coverageSchema":"1a1c01bbd47fc00a2c39e90264f33305004495a9","hash":"4534a19d12143ca961f29424be150876e8c41394"}
,"/Users/andrewsales/VSCode/NodePGExercise/routes/companies.js": {"path":"/Users/andrewsales/VSCode/NodePGExercise/routes/companies.js","statementMap":{"0":{"start":{"line":1,"column":16},"end":{"line":1,"column":34}},"1":{"start":{"line":2,"column":15},"end":{"line":2,"column":31}},"2":{"start":{"line":3,"column":11},"end":{"line":3,"column":27}},"3":{"start":{"line":4,"column":21},"end":{"line":4,"column":47}},"4":{"start":{"line":8,"column":0},"end":{"line":15,"column":3}},"5":{"start":{"line":9,"column":4},"end":{"line":14,"column":5}},"6":{"start":{"line":10,"column":23},"end":{"line":10,"column":73}},"7":{"start":{"line":11,"column":8},"end":{"line":11,"column":52}},"8":{"start":{"line":13,"column":8},"end":{"line":13,"column":25}},"9":{"start":{"line":19,"column":0},"end":{"line":31,"column":3}},"10":{"start":{"line":20,"column":4},"end":{"line":30,"column":5}},"11":{"start":{"line":21,"column":25},"end":{"line":21,"column":35}},"12":{"start":{"line":22,"column":25},"end":{"line":22,"column":112}},"13":{"start":{"line":24,"column":8},"end":{"line":26,"column":9}},"14":{"start":{"line":25,"column":12},"end":{"line":25,"column":72}},"15":{"start":{"line":27,"column":8},"end":{"line":27,"column":55}},"16":{"start":{"line":29,"column":8},"end":{"line":29,"column":25}},"17":{"start":{"line":35,"column":0},"end":{"line":45,"column":3}},"18":{"start":{"line":36,"column":4},"end":{"line":44,"column":5}},"19":{"start":{"line":37,"column":44},"end":{"line":37,"column":52}},"20":{"start":{"line":38,"column":25},"end":{"line":40,"column":9}},"21":{"start":{"line":41,"column":8},"end":{"line":41,"column":67}},"22":{"start":{"line":43,"column":8},"end":{"line":43,"column":25}},"23":{"start":{"line":51,"column":0},"end":{"line":69,"column":3}},"24":{"start":{"line":52,"column":4},"end":{"line":68,"column":5}},"25":{"start":{"line":53,"column":25},"end":{"line":53,"column":35}},"26":{"start":{"line":54,"column":38},"end":{"line":54,"column":46}},"27":{"start":{"line":55,"column":29},"end":{"line":55,"column":94}},"28":{"start":{"line":57,"column":8},"end":{"line":59,"column":9}},"29":{"start":{"line":58,"column":12},"end":{"line":58,"column":71}},"30":{"start":{"line":61,"column":23},"end":{"line":63,"column":9}},"31":{"start":{"line":64,"column":8},"end":{"line":64,"column":53}},"32":{"start":{"line":67,"column":8},"end":{"line":67,"column":25}},"33":{"start":{"line":74,"column":0},"end":{"line":89,"column":3}},"34":{"start":{"line":75,"column":4},"end":{"line":88,"column":5}},"35":{"start":{"line":76,"column":25},"end":{"line":76,"column":35}},"36":{"start":{"line":77,"column":29},"end":{"line":77,"column":94}},"37":{"start":{"line":79,"column":8},"end":{"line":81,"column":9}},"38":{"start":{"line":80,"column":12},"end":{"line":80,"column":71}},"39":{"start":{"line":83,"column":8},"end":{"line":83,"column":72}},"40":{"start":{"line":84,"column":8},"end":{"line":84,"column":47}},"41":{"start":{"line":87,"column":8},"end":{"line":87,"column":25}},"42":{"start":{"line":91,"column":0},"end":{"line":91,"column":24}}},"fnMap":{"0":{"name":"(anonymous_0)","decl":{"start":{"line":8,"column":16},"end":{"line":8,"column":17}},"loc":{"start":{"line":8,"column":48},"end":{"line":15,"column":1}},"line":8},"1":{"name":"(anonymous_1)","decl":{"start":{"line":19,"column":21},"end":{"line":19,"column":22}},"loc":{"start":{"line":19,"column":53},"end":{"line":31,"column":1}},"line":19},"2":{"name":"(anonymous_2)","decl":{"start":{"line":35,"column":17},"end":{"line":35,"column":18}},"loc":{"start":{"line":35,"column":49},"end":{"line":45,"column":1}},"line":35},"3":{"name":"(anonymous_3)","decl":{"start":{"line":51,"column":21},"end":{"line":51,"column":22}},"loc":{"start":{"line":51,"column":53},"end":{"line":69,"column":1}},"line":51},"4":{"name":"(anonymous_4)","decl":{"start":{"line":74,"column":24},"end":{"line":74,"column":25}},"loc":{"start":{"line":74,"column":56},"end":{"line":89,"column":1}},"line":74}},"branchMap":{"0":{"loc":{"start":{"line":24,"column":8},"end":{"line":26,"column":9}},"type":"if","locations":[{"start":{"line":24,"column":8},"end":{"line":26,"column":9}},{"start":{},"end":{}}],"line":24},"1":{"loc":{"start":{"line":57,"column":8},"end":{"line":59,"column":9}},"type":"if","locations":[{"start":{"line":57,"column":8},"end":{"line":59,"column":9}},{"start":{},"end":{}}],"line":57},"2":{"loc":{"start":{"line":79,"column":8},"end":{"line":81,"column":9}},"type":"if","locations":[{"start":{"line":79,"column":8},"end":{"line":81,"column":9}},{"start":{},"end":{}}],"line":79}},"s":{"0":1,"1":1,"2":1,"3":1,"4":1,"5":1,"6":1,"7":1,"8":0,"9":1,"10":0,"11":0,"12":0,"13":0,"14":0,"15":0,"16":0,"17":1,"18":1,"19":1,"20":1,"21":1,"22":0,"23":1,"24":1,"25":1,"26":1,"27":1,"28":1,"29":0,"30":1,"31":1,"32":0,"33":1,"34":1,"35":1,"36":1,"37":1,"38":0,"39":1,"40":1,"41":0,"42":1},"f":{"0":1,"1":0,"2":1,"3":1,"4":1},"b":{"0":[0,0],"1":[0,1],"2":[0,1]},"_coverageSchema":"1a1c01bbd47fc00a2c39e90264f33305004495a9","hash":"bb29ba230ddc8d97f843c1591de2d907f16574d9"}
,"/Users/andrewsales/VSCode/NodePGExercise/routes/invoices.js": {"path":"/Users/andrewsales/VSCode/NodePGExercise/routes/invoices.js","statementMap":{"0":{"start":{"line":1,"column":16},"end":{"line":1,"column":34}},"1":{"start":{"line":2,"column":15},"end":{"line":2,"column":31}},"2":{"start":{"line":3,"column":11},"end":{"line":3,"column":27}},"3":{"start":{"line":4,"column":21},"end":{"line":4,"column":47}},"4":{"start":{"line":9,"column":0},"end":{"line":19,"column":3}},"5":{"start":{"line":10,"column":4},"end":{"line":18,"column":5}},"6":{"start":{"line":12,"column":23},"end":{"line":12,"column":75}},"7":{"start":{"line":13,"column":8},"end":{"line":13,"column":51}},"8":{"start":{"line":17,"column":8},"end":{"line":17,"column":25}},"9":{"start":{"line":24,"column":0},"end":{"line":45,"column":3}},"10":{"start":{"line":25,"column":4},"end":{"line":44,"column":5}},"11":{"start":{"line":27,"column":23},"end":{"line":27,"column":33}},"12":{"start":{"line":29,"column":30},"end":{"line":29,"column":134}},"13":{"start":{"line":31,"column":8},"end":{"line":33,"column":9}},"14":{"start":{"line":32,"column":12},"end":{"line":32,"column":71}},"15":{"start":{"line":35,"column":24},"end":{"line":35,"column":45}},"16":{"start":{"line":36,"column":30},"end":{"line":36,"column":130}},"17":{"start":{"line":38,"column":8},"end":{"line":38,"column":48}},"18":{"start":{"line":39,"column":8},"end":{"line":39,"column":46}},"19":{"start":{"line":43,"column":8},"end":{"line":43,"column":25}},"20":{"start":{"line":50,"column":0},"end":{"line":63,"column":3}},"21":{"start":{"line":51,"column":4},"end":{"line":62,"column":5}},"22":{"start":{"line":53,"column":35},"end":{"line":53,"column":43}},"23":{"start":{"line":54,"column":23},"end":{"line":56,"column":9}},"24":{"start":{"line":57,"column":8},"end":{"line":57,"column":65}},"25":{"start":{"line":61,"column":8},"end":{"line":61,"column":25}},"26":{"start":{"line":69,"column":0},"end":{"line":88,"column":3}},"27":{"start":{"line":70,"column":4},"end":{"line":87,"column":5}},"28":{"start":{"line":72,"column":23},"end":{"line":72,"column":33}},"29":{"start":{"line":73,"column":24},"end":{"line":73,"column":32}},"30":{"start":{"line":76,"column":29},"end":{"line":76,"column":89}},"31":{"start":{"line":77,"column":8},"end":{"line":79,"column":9}},"32":{"start":{"line":78,"column":12},"end":{"line":78,"column":71}},"33":{"start":{"line":80,"column":23},"end":{"line":80,"column":150}},"34":{"start":{"line":82,"column":8},"end":{"line":82,"column":53}},"35":{"start":{"line":86,"column":8},"end":{"line":86,"column":25}},"36":{"start":{"line":93,"column":0},"end":{"line":109,"column":3}},"37":{"start":{"line":94,"column":4},"end":{"line":108,"column":5}},"38":{"start":{"line":96,"column":23},"end":{"line":96,"column":33}},"39":{"start":{"line":98,"column":29},"end":{"line":98,"column":89}},"40":{"start":{"line":99,"column":8},"end":{"line":101,"column":9}},"41":{"start":{"line":100,"column":12},"end":{"line":100,"column":71}},"42":{"start":{"line":103,"column":8},"end":{"line":103,"column":67}},"43":{"start":{"line":104,"column":8},"end":{"line":104,"column":47}},"44":{"start":{"line":107,"column":8},"end":{"line":107,"column":25}},"45":{"start":{"line":113,"column":0},"end":{"line":139,"column":3}},"46":{"start":{"line":114,"column":4},"end":{"line":138,"column":5}},"47":{"start":{"line":116,"column":25},"end":{"line":116,"column":35}},"48":{"start":{"line":118,"column":27},"end":{"line":121,"column":9}},"49":{"start":{"line":123,"column":8},"end":{"line":125,"column":9}},"50":{"start":{"line":124,"column":12},"end":{"line":124,"column":72}},"51":{"start":{"line":127,"column":24},"end":{"line":127,"column":42}},"52":{"start":{"line":129,"column":27},"end":{"line":132,"column":9}},"53":{"start":{"line":133,"column":8},"end":{"line":133,"column":62}},"54":{"start":{"line":133,"column":54},"end":{"line":133,"column":60}},"55":{"start":{"line":134,"column":8},"end":{"line":134,"column":46}},"56":{"start":{"line":137,"column":8},"end":{"line":137,"column":25}},"57":{"start":{"line":142,"column":0},"end":{"line":142,"column":24}}},"fnMap":{"0":{"name":"(anonymous_0)","decl":{"start":{"line":9,"column":16},"end":{"line":9,"column":17}},"loc":{"start":{"line":9,"column":48},"end":{"line":19,"column":1}},"line":9},"1":{"name":"(anonymous_1)","decl":{"start":{"line":24,"column":28},"end":{"line":24,"column":29}},"loc":{"start":{"line":24,"column":60},"end":{"line":45,"column":1}},"line":24},"2":{"name":"(anonymous_2)","decl":{"start":{"line":50,"column":17},"end":{"line":50,"column":18}},"loc":{"start":{"line":50,"column":49},"end":{"line":63,"column":1}},"line":50},"3":{"name":"(anonymous_3)","decl":{"start":{"line":69,"column":28},"end":{"line":69,"column":29}},"loc":{"start":{"line":69,"column":60},"end":{"line":88,"column":1}},"line":69},"4":{"name":"(anonymous_4)","decl":{"start":{"line":93,"column":22},"end":{"line":93,"column":23}},"loc":{"start":{"line":93,"column":48},"end":{"line":109,"column":1}},"line":93},"5":{"name":"(anonymous_5)","decl":{"start":{"line":113,"column":21},"end":{"line":113,"column":22}},"loc":{"start":{"line":113,"column":47},"end":{"line":139,"column":1}},"line":113},"6":{"name":"(anonymous_6)","decl":{"start":{"line":133,"column":47},"end":{"line":133,"column":48}},"loc":{"start":{"line":133,"column":54},"end":{"line":133,"column":60}},"line":133}},"branchMap":{"0":{"loc":{"start":{"line":31,"column":8},"end":{"line":33,"column":9}},"type":"if","locations":[{"start":{"line":31,"column":8},"end":{"line":33,"column":9}},{"start":{},"end":{}}],"line":31},"1":{"loc":{"start":{"line":77,"column":8},"end":{"line":79,"column":9}},"type":"if","locations":[{"start":{"line":77,"column":8},"end":{"line":79,"column":9}},{"start":{},"end":{}}],"line":77},"2":{"loc":{"start":{"line":99,"column":8},"end":{"line":101,"column":9}},"type":"if","locations":[{"start":{"line":99,"column":8},"end":{"line":101,"column":9}},{"start":{},"end":{}}],"line":99},"3":{"loc":{"start":{"line":123,"column":8},"end":{"line":125,"column":9}},"type":"if","locations":[{"start":{"line":123,"column":8},"end":{"line":125,"column":9}},{"start":{},"end":{}}],"line":123}},"s":{"0":1,"1":1,"2":1,"3":1,"4":1,"5":0,"6":0,"7":0,"8":0,"9":1,"10":0,"11":0,"12":0,"13":0,"14":0,"15":0,"16":0,"17":0,"18":0,"19":0,"20":1,"21":0,"22":0,"23":0,"24":0,"25":0,"26":1,"27":0,"28":0,"29":0,"30":0,"31":0,"32":0,"33":0,"34":0,"35":0,"36":1,"37":0,"38":0,"39":0,"40":0,"41":0,"42":0,"43":0,"44":0,"45":1,"46":0,"47":0,"48":0,"49":0,"50":0,"51":0,"52":0,"53":0,"54":0,"55":0,"56":0,"57":1},"f":{"0":0,"1":0,"2":0,"3":0,"4":0,"5":0,"6":0},"b":{"0":[0,0],"1":[0,0],"2":[0,0],"3":[0,0]},"_coverageSchema":"1a1c01bbd47fc00a2c39e90264f33305004495a9","hash":"c825e0d6335ac6e92a5f70ac71214a832c2560d5"}
}
