TN:
SF:app.js
FN:14,(anonymous_0)
FN:21,(anonymous_1)
FNF:2
FNH:0
FNDA:0,(anonymous_0)
FNDA:0,(anonymous_1)
DA:2,1
DA:3,1
DA:4,1
DA:5,1
DA:6,1
DA:8,1
DA:9,1
DA:10,1
DA:14,1
DA:15,0
DA:16,0
DA:21,1
DA:22,0
DA:24,0
DA:34,1
LF:15
LH:11
BRDA:22,0,0,0
BRDA:22,0,1,0
BRF:2
BRH:0
end_of_record
TN:
SF:db.js
FNF:0
FNH:0
DA:3,1
DA:4,1
DA:8,1
DA:10,1
LF:4
LH:4
BRF:0
BRH:0
end_of_record
TN:
SF:expressError.js
FN:8,(anonymous_0)
FNF:1
FNH:0
FNDA:0,(anonymous_0)
DA:9,0
DA:10,0
DA:11,0
DA:12,0
DA:17,1
LF:5
LH:1
BRF:0
BRH:0
end_of_record
TN:
SF:routes/companies.js
FN:8,(anonymous_0)
FN:19,(anonymous_1)
FN:35,(anonymous_2)
FN:51,(anonymous_3)
FN:74,(anonymous_4)
FNF:5
FNH:4
FNDA:1,(anonymous_0)
FNDA:0,(anonymous_1)
FNDA:1,(anonymous_2)
FNDA:1,(anonymous_3)
FNDA:1,(anonymous_4)
DA:1,1
DA:2,1
DA:3,1
DA:4,1
DA:8,1
DA:9,1
DA:10,1
DA:11,1
DA:13,0
DA:19,1
DA:20,0
DA:21,0
DA:22,0
DA:24,0
DA:25,0
DA:27,0
DA:29,0
DA:35,1
DA:36,1
DA:37,1
DA:38,1
DA:41,1
DA:43,0
DA:51,1
DA:52,1
DA:53,1
DA:54,1
DA:55,1
DA:57,1
DA:58,0
DA:61,1
DA:64,1
DA:67,0
DA:74,1
DA:75,1
DA:76,1
DA:77,1
DA:79,1
DA:80,0
DA:83,1
DA:84,1
DA:87,0
DA:91,1
LF:43
LH:30
BRDA:24,0,0,0
BRDA:24,0,1,0
BRDA:57,1,0,0
BRDA:57,1,1,1
BRDA:79,2,0,0
BRDA:79,2,1,1
BRF:6
BRH:2
end_of_record
TN:
SF:routes/invoices.js
FN:9,(anonymous_0)
FN:24,(anonymous_1)
FN:50,(anonymous_2)
FN:69,(anonymous_3)
FN:93,(anonymous_4)
FN:113,(anonymous_5)
FN:133,(anonymous_6)
FNF:7
FNH:0
FNDA:0,(anonymous_0)
FNDA:0,(anonymous_1)
FNDA:0,(anonymous_2)
FNDA:0,(anonymous_3)
FNDA:0,(anonymous_4)
FNDA:0,(anonymous_5)
FNDA:0,(anonymous_6)
DA:1,1
DA:2,1
DA:3,1
DA:4,1
DA:9,1
DA:10,0
DA:12,0
DA:13,0
DA:17,0
DA:24,1
DA:25,0
DA:27,0
DA:29,0
DA:31,0
DA:32,0
DA:35,0
DA:36,0
DA:38,0
DA:39,0
DA:43,0
DA:50,1
DA:51,0
DA:53,0
DA:54,0
DA:57,0
DA:61,0
DA:69,1
DA:70,0
DA:72,0
DA:73,0
DA:76,0
DA:77,0
DA:78,0
DA:80,0
DA:82,0
DA:86,0
DA:93,1
DA:94,0
DA:96,0
DA:98,0
DA:99,0
DA:100,0
DA:103,0
DA:104,0
DA:107,0
DA:113,1
DA:114,0
DA:116,0
DA:118,0
DA:123,0
DA:124,0
DA:127,0
DA:129,0
DA:133,0
DA:134,0
DA:137,0
DA:142,1
LF:57
LH:11
BRDA:31,0,0,0
BRDA:31,0,1,0
BRDA:77,1,0,0
BRDA:77,1,1,0
BRDA:99,2,0,0
BRDA:99,2,1,0
BRDA:123,3,0,0
BRDA:123,3,1,0
BRF:8
BRH:0
end_of_record
